<?xml version="1.0" encoding="UTF-8"?>
<!-- Generated by org.testng.reporters.JUnitXMLReporter -->
<testsuite ignored="0" hostname="LAPTOP-ERJSA8F6" failures="0" tests="4" name="Amazon &gt; Order Tab Test" time="31.45" errors="0" timestamp="2022-10-07T00:14:19 EDT">
  <testcase classname="com.crm.qa.testcases.HomePageTest" name="MenuOrderTest" time="1.696"/>
  <testcase classname="com.crm.qa.testcases.HomePageTest" name="MenuBuyAgainTest" time="1.915"/>
  <testcase classname="com.crm.qa.testcases.HomePageTest" name="MenuBuyNotShipped" time="1.161"/>
  <testcase classname="com.crm.qa.testcases.HomePageTest" name="loginCancelledOrders" time="0.751"/>
</testsuite> <!-- Amazon > Order Tab Test -->
